<?xml version="1.0" encoding="UTF-8"?>
<!-- Generated by org.testng.reporters.JUnitXMLReporter -->
<testsuite hostname="SGMacBookPROs-MacBook-Pro.local" name="Sanity Tests" tests="3" failures="3" timestamp="19 Jul 2015 08:48:38 GMT" time="2119.627" errors="0">
  <testcase name="loginSample" time="581.044" classname="Native.SanityIos">
    <failure type="com.applitools.eyes.TestFailedException" message="&amp;apos;SampleApp Service Calls - See All (Mall of America&amp;apos; of &amp;apos;iOS_SG&amp;apos;. See details at https://eyes.applitools.com/app/sessions/251965006648197">
      <![CDATA[com.applitools.eyes.TestFailedException: 'SampleApp Service Calls - See All (Mall of America' of 'iOS_SG'. See details at https://eyes.applitools.com/app/sessions/251965006648197
	at com.applitools.eyes.EyesBase.close(EyesBase.java:504)
	at com.applitools.eyes.Eyes.close(Eyes.java:22)
	at com.applitools.eyes.EyesBase.close(EyesBase.java:444)
	at com.applitools.eyes.Eyes.close(Eyes.java:22)
	at Native.IosMethods.eyesCheckWindow(IosMethods.java:75)
	at Native.SanityIos.loginSample(SanityIos.java:186)
... Removed 24 stack frames]]>
    </failure>
  </testcase> <!-- loginSample -->
  <testcase name="loginSample" time="570.785" classname="Native.SanityIos">
    <failure type="com.applitools.eyes.TestFailedException" message="&amp;apos;SampleApp Service Calls - See All (Mall of America&amp;apos; of &amp;apos;iOS_SG&amp;apos;. See details at https://eyes.applitools.com/app/sessions/251965005975778">
      <![CDATA[com.applitools.eyes.TestFailedException: 'SampleApp Service Calls - See All (Mall of America' of 'iOS_SG'. See details at https://eyes.applitools.com/app/sessions/251965005975778
	at com.applitools.eyes.EyesBase.close(EyesBase.java:504)
	at com.applitools.eyes.Eyes.close(Eyes.java:22)
	at com.applitools.eyes.EyesBase.close(EyesBase.java:444)
	at com.applitools.eyes.Eyes.close(Eyes.java:22)
	at Native.IosMethods.eyesCheckWindow(IosMethods.java:75)
	at Native.SanityIos.loginSample(SanityIos.java:186)
... Removed 24 stack frames]]>
    </failure>
  </testcase> <!-- loginSample -->
  <testcase name="loginSample" time="766.27" classname="Native.SanityIos">
    <failure type="com.applitools.eyes.TestFailedException" message="&amp;apos;SampleApp Service Calls- priority = 4&amp;apos; of &amp;apos;iOS_SG&amp;apos;. See details at https://eyes.applitools.com/app/sessions/251965005106061">
      <![CDATA[com.applitools.eyes.TestFailedException: 'SampleApp Service Calls- priority = 4' of 'iOS_SG'. See details at https://eyes.applitools.com/app/sessions/251965005106061
	at com.applitools.eyes.EyesBase.close(EyesBase.java:504)
	at com.applitools.eyes.Eyes.close(Eyes.java:22)
	at com.applitools.eyes.EyesBase.close(EyesBase.java:444)
	at com.applitools.eyes.Eyes.close(Eyes.java:22)
	at Native.IosMethods.eyesCheckWindow(IosMethods.java:75)
	at Native.SanityIos.loginSample(SanityIos.java:193)
... Removed 24 stack frames]]>
    </failure>
  </testcase> <!-- loginSample -->
</testsuite> <!-- Sanity Tests -->
