<?xml version="1.0" encoding="UTF-8"?>
<!-- Generated by org.testng.reporters.JUnitXMLReporter -->
<testsuite hostname="SGMacBookPROs-MacBook-Pro.local" name="Sanity Tests" tests="3" failures="1" timestamp="1 Sep 2015 19:11:16 GMT" time="2160.082" errors="0">
  <testcase name="actions" time="51.87" classname="Native.SanityIos">
    <failure type="java.lang.AssertionError" message="Mall of America didn&amp;apos;t display">
      <![CDATA[java.lang.AssertionError: Mall of America didn't display
	at Native.IosMethods.clickId(IosMethods.java:427)
	at Native.SanityIos.actions(SanityIos.java:374)
... Removed 25 stack frames]]>
    </failure>
  </testcase> <!-- actions -->
  <testcase name="actions" time="332.39" classname="Native.SanityIos"/>
  <testcase name="sampleAplicationDashboard" time="1535.708" classname="Native.SanityIos"/>
</testsuite> <!-- Sanity Tests -->
