<?xml version="1.0" encoding="UTF-8"?>
<!-- Generated by org.testng.reporters.JUnitXMLReporter -->
<testsuite hostname="SGMacBookPROs-MacBook-Pro.local" name="Sanity Tests(failed)" tests="1" failures="0" timestamp="15 Jun 2015 06:49:13 GMT" time="0.018" errors="0">
  <testcase name="@BeforeSuite setupBeforeSuite" time="0.0" classname="Native.SanityIos">
    <failure type="java.lang.AssertionError" message="//UIAApplication[1]/UIAWindow[1]/UIATextField[1]didn&amp;apos;t displayed">
      <![CDATA[java.lang.AssertionError: //UIAApplication[1]/UIAWindow[1]/UIATextField[1]didn't displayed
	at Native.IosMethods.sendXpth(IosMethods.java:587)
	at Native.IosMethods.cleanLoginIos(IosMethods.java:51)
	at Native.SanityIos.setupBeforeSuite(SanityIos.java:51)
... Removed 19 stack frames]]>
    </failure>
  </testcase> <!-- @BeforeSuite setupBeforeSuite -->
  <testcase name="@BeforeMethod checkHomeScreen" time="0.0" classname="Native.SanityIos">
    <skipped/>
  </testcase> <!-- @BeforeMethod checkHomeScreen -->
  <testcase name="loginSample" time="0.001" classname="Native.SanityIos">
    <skipped/>
  </testcase> <!-- loginSample -->
</testsuite> <!-- Sanity Tests(failed) -->
