<?xml version="1.0" encoding="UTF-8"?>
<!-- Generated by org.testng.reporters.JUnitXMLReporter -->
<testsuite hostname="SGMacBookPROs-MacBook-Pro.local" name="Sanity Tests(failed)" tests="3" failures="3" timestamp="1 Sep 2015 18:19:17 GMT" time="2892.525" errors="0">
  <testcase name="sampleAplicationDashboard" time="1106.172" classname="Native.SanityIos">
    <failure type="com.applitools.eyes.TestFailedException" message="&amp;apos;Inventory&amp;apos; of &amp;apos;iOS_SG&amp;apos;. See details at https://eyes.applitools.com/app/sessions/251961171051784">
      <![CDATA[com.applitools.eyes.TestFailedException: 'Inventory' of 'iOS_SG'. See details at https://eyes.applitools.com/app/sessions/251961171051784
	at com.applitools.eyes.EyesBase.close(EyesBase.java:504)
	at com.applitools.eyes.Eyes.close(Eyes.java:22)
	at com.applitools.eyes.EyesBase.close(EyesBase.java:444)
	at com.applitools.eyes.Eyes.close(Eyes.java:22)
	at Native.IosMethods.eyesCheckWindow(IosMethods.java:91)
	at Native.SanityIos.sampleAplicationDashboard(SanityIos.java:288)
... Removed 24 stack frames]]>
    </failure>
  </testcase> <!-- sampleAplicationDashboard -->
  <testcase name="sampleAplicationDashboard" time="388.288" classname="Native.SanityIos">
    <failure type="java.lang.AssertionError" message="Done didn&amp;apos;t display">
      <![CDATA[java.lang.AssertionError: Done didn't display
	at Native.IosMethods.clickName(IosMethods.java:521)
	at Native.SanityIos.sampleAplicationDashboard(SanityIos.java:175)
... Removed 25 stack frames]]>
    </failure>
  </testcase> <!-- sampleAplicationDashboard -->
  <testcase name="sampleAplicationDashboard" time="1149.515" classname="Native.SanityIos">
    <failure type="com.applitools.eyes.TestFailedException" message="&amp;apos;Inventory second layer&amp;apos; of &amp;apos;iOS_SG&amp;apos;. See details at https://eyes.applitools.com/app/sessions/251961169265977">
      <![CDATA[com.applitools.eyes.TestFailedException: 'Inventory second layer' of 'iOS_SG'. See details at https://eyes.applitools.com/app/sessions/251961169265977
	at com.applitools.eyes.EyesBase.close(EyesBase.java:504)
	at com.applitools.eyes.Eyes.close(Eyes.java:22)
	at com.applitools.eyes.EyesBase.close(EyesBase.java:444)
	at com.applitools.eyes.Eyes.close(Eyes.java:22)
	at Native.IosMethods.eyesCheckWindow(IosMethods.java:91)
	at Native.SanityIos.sampleAplicationDashboard(SanityIos.java:291)
... Removed 24 stack frames]]>
    </failure>
  </testcase> <!-- sampleAplicationDashboard -->
</testsuite> <!-- Sanity Tests(failed) -->
