<?xml version="1.0" encoding="UTF-8"?>
<testng-results skipped="0" failed="5" total="7" passed="2">
  <reporter-output>
  </reporter-output>
  <suite name="Suite" duration-ms="1711821" started-at="2016-02-24T10:15:27Z" finished-at="2016-02-24T10:43:59Z">
    <groups>
      <group name="Sanity IOS100">
        <method signature="SanityIos.Tabs_CoverFlow()[pri:0, instance:Native.SanityIos@60df60da]" name="Tabs_CoverFlow" class="Native.SanityIos"/>
        <method signature="SanityIos.Tabs_Employee_Directory()[pri:0, instance:Native.SanityIos@60df60da]" name="Tabs_Employee_Directory" class="Native.SanityIos"/>
        <method signature="SanityIos.Tabs_Grid_One_Layer()[pri:0, instance:Native.SanityIos@60df60da]" name="Tabs_Grid_One_Layer" class="Native.SanityIos"/>
        <method signature="SanityIos.Tabs_Grid_Two_Layers()[pri:0, instance:Native.SanityIos@60df60da]" name="Tabs_Grid_Two_Layers" class="Native.SanityIos"/>
        <method signature="SanityIos.Tabs_List()[pri:0, instance:Native.SanityIos@60df60da]" name="Tabs_List" class="Native.SanityIos"/>
        <method signature="SanityIos.Tabs_Map_Chart()[pri:0, instance:Native.SanityIos@60df60da]" name="Tabs_Map_Chart" class="Native.SanityIos"/>
        <method signature="SanityIos.Tabs_URL()[pri:0, instance:Native.SanityIos@60df60da]" name="Tabs_URL" class="Native.SanityIos"/>
      </group> <!-- Sanity IOS100 -->
    </groups>
    <test name="Sanity Tests" duration-ms="1711821" started-at="2016-02-24T10:15:27Z" finished-at="2016-02-24T10:43:59Z">
      <class name="Native.SanityIos">
        <test-method status="PASS" signature="setupBeforeSuite(org.testng.ITestContext)[pri:0, instance:Native.SanityIos@60df60da]" name="setupBeforeSuite" is-config="true" duration-ms="127497" started-at="2016-02-24T12:13:19Z" finished-at="2016-02-24T12:15:27Z">
          <params>
            <param index="0">
              <value>
                <![CDATA[org.testng.TestRunner@64942607]]>
              </value>
            </param>
          </params>
          <reporter-output>
          </reporter-output>
        </test-method> <!-- setupBeforeSuite -->
        <test-method status="PASS" signature="checkHomeScreen()[pri:0, instance:Native.SanityIos@60df60da]" name="checkHomeScreen" is-config="true" duration-ms="2330" started-at="2016-02-24T12:15:27Z" finished-at="2016-02-24T12:15:29Z">
          <reporter-output>
          </reporter-output>
        </test-method> <!-- checkHomeScreen -->
        <test-method status="PASS" signature="Tabs_CoverFlow()[pri:0, instance:Native.SanityIos@60df60da]" name="Tabs_CoverFlow" duration-ms="340411" started-at="2016-02-24T12:15:29Z" description="Check the Cover Flow tab" finished-at="2016-02-24T12:21:10Z">
          <reporter-output>
          </reporter-output>
        </test-method> <!-- Tabs_CoverFlow -->
        <test-method status="PASS" signature="checkHomeScreen()[pri:0, instance:Native.SanityIos@60df60da]" name="checkHomeScreen" is-config="true" duration-ms="2221" started-at="2016-02-24T12:21:10Z" finished-at="2016-02-24T12:21:12Z">
          <reporter-output>
          </reporter-output>
        </test-method> <!-- checkHomeScreen -->
        <test-method status="FAIL" signature="Tabs_Employee_Directory()[pri:0, instance:Native.SanityIos@60df60da]" name="Tabs_Employee_Directory" duration-ms="104364" started-at="2016-02-24T12:21:12Z" description="Check the Employee Directory tab" finished-at="2016-02-24T12:22:56Z">
          <exception class="java.lang.AssertionError">
            <message>
              <![CDATA[Employee Directory didn't display]]>
            </message>
            <full-stacktrace>
              <![CDATA[java.lang.AssertionError: Employee Directory didn't display
	at org.testng.Assert.fail(Assert.java:94)
	at Native.IosMethods.clickName(IosMethods.java:548)
	at Native.SanityIos.Tabs_Employee_Directory(SanityIos.java:958)
	at sun.reflect.NativeMethodAccessorImpl.invoke0(Native Method)
	at sun.reflect.NativeMethodAccessorImpl.invoke(NativeMethodAccessorImpl.java:62)
	at sun.reflect.DelegatingMethodAccessorImpl.invoke(DelegatingMethodAccessorImpl.java:43)
	at java.lang.reflect.Method.invoke(Method.java:497)
	at org.testng.internal.MethodInvocationHelper.invokeMethod(MethodInvocationHelper.java:84)
	at org.testng.internal.Invoker.invokeMethod(Invoker.java:714)
	at org.testng.internal.Invoker.invokeTestMethod(Invoker.java:901)
	at org.testng.internal.Invoker.invokeTestMethods(Invoker.java:1231)
	at org.testng.internal.TestMethodWorker.invokeTestMethods(TestMethodWorker.java:127)
	at org.testng.internal.TestMethodWorker.run(TestMethodWorker.java:111)
	at org.testng.TestRunner.privateRun(TestRunner.java:767)
	at org.testng.TestRunner.run(TestRunner.java:617)
	at org.testng.SuiteRunner.runTest(SuiteRunner.java:334)
	at org.testng.SuiteRunner.runSequentially(SuiteRunner.java:329)
	at org.testng.SuiteRunner.privateRun(SuiteRunner.java:291)
	at org.testng.SuiteRunner.run(SuiteRunner.java:240)
	at org.testng.SuiteRunnerWorker.runSuite(SuiteRunnerWorker.java:52)
	at org.testng.SuiteRunnerWorker.run(SuiteRunnerWorker.java:86)
	at org.testng.TestNG.runSuitesSequentially(TestNG.java:1224)
	at org.testng.TestNG.runSuitesLocally(TestNG.java:1149)
	at org.testng.TestNG.run(TestNG.java:1057)
	at org.testng.remote.RemoteTestNG.run(RemoteTestNG.java:111)
	at org.testng.remote.RemoteTestNG.initAndRun(RemoteTestNG.java:204)
	at org.testng.remote.RemoteTestNG.main(RemoteTestNG.java:175)
]]>
            </full-stacktrace>
          </exception> <!-- java.lang.AssertionError -->
          <reporter-output>
          </reporter-output>
        </test-method> <!-- Tabs_Employee_Directory -->
        <test-method status="PASS" signature="checkHomeScreen()[pri:0, instance:Native.SanityIos@60df60da]" name="checkHomeScreen" is-config="true" duration-ms="137366" started-at="2016-02-24T12:22:56Z" finished-at="2016-02-24T12:25:13Z">
          <reporter-output>
          </reporter-output>
        </test-method> <!-- checkHomeScreen -->
        <test-method status="PASS" signature="Tabs_Grid_One_Layer()[pri:0, instance:Native.SanityIos@60df60da]" name="Tabs_Grid_One_Layer" duration-ms="474542" started-at="2016-02-24T12:25:13Z" description="Check the Grid one layer tab" finished-at="2016-02-24T12:33:08Z">
          <reporter-output>
          </reporter-output>
        </test-method> <!-- Tabs_Grid_One_Layer -->
        <test-method status="PASS" signature="checkHomeScreen()[pri:0, instance:Native.SanityIos@60df60da]" name="checkHomeScreen" is-config="true" duration-ms="1756" started-at="2016-02-24T12:33:08Z" finished-at="2016-02-24T12:33:10Z">
          <reporter-output>
          </reporter-output>
        </test-method> <!-- checkHomeScreen -->
        <test-method status="FAIL" signature="Tabs_Grid_Two_Layers()[pri:0, instance:Native.SanityIos@60df60da]" name="Tabs_Grid_Two_Layers" duration-ms="401540" started-at="2016-02-24T12:33:10Z" description="Check the Grid two layer tab" finished-at="2016-02-24T12:39:51Z">
          <exception class="java.lang.AssertionError">
            <message>
              <![CDATA[Landline didn't display]]>
            </message>
            <full-stacktrace>
              <![CDATA[java.lang.AssertionError: Landline didn't display
	at org.testng.Assert.fail(Assert.java:94)
	at Native.IosMethods.clickName(IosMethods.java:548)
	at Native.SanityIos.Tabs_Grid_Two_Layers(SanityIos.java:862)
	at sun.reflect.NativeMethodAccessorImpl.invoke0(Native Method)
	at sun.reflect.NativeMethodAccessorImpl.invoke(NativeMethodAccessorImpl.java:62)
	at sun.reflect.DelegatingMethodAccessorImpl.invoke(DelegatingMethodAccessorImpl.java:43)
	at java.lang.reflect.Method.invoke(Method.java:497)
	at org.testng.internal.MethodInvocationHelper.invokeMethod(MethodInvocationHelper.java:84)
	at org.testng.internal.Invoker.invokeMethod(Invoker.java:714)
	at org.testng.internal.Invoker.invokeTestMethod(Invoker.java:901)
	at org.testng.internal.Invoker.invokeTestMethods(Invoker.java:1231)
	at org.testng.internal.TestMethodWorker.invokeTestMethods(TestMethodWorker.java:127)
	at org.testng.internal.TestMethodWorker.run(TestMethodWorker.java:111)
	at org.testng.TestRunner.privateRun(TestRunner.java:767)
	at org.testng.TestRunner.run(TestRunner.java:617)
	at org.testng.SuiteRunner.runTest(SuiteRunner.java:334)
	at org.testng.SuiteRunner.runSequentially(SuiteRunner.java:329)
	at org.testng.SuiteRunner.privateRun(SuiteRunner.java:291)
	at org.testng.SuiteRunner.run(SuiteRunner.java:240)
	at org.testng.SuiteRunnerWorker.runSuite(SuiteRunnerWorker.java:52)
	at org.testng.SuiteRunnerWorker.run(SuiteRunnerWorker.java:86)
	at org.testng.TestNG.runSuitesSequentially(TestNG.java:1224)
	at org.testng.TestNG.runSuitesLocally(TestNG.java:1149)
	at org.testng.TestNG.run(TestNG.java:1057)
	at org.testng.remote.RemoteTestNG.run(RemoteTestNG.java:111)
	at org.testng.remote.RemoteTestNG.initAndRun(RemoteTestNG.java:204)
	at org.testng.remote.RemoteTestNG.main(RemoteTestNG.java:175)
]]>
            </full-stacktrace>
          </exception> <!-- java.lang.AssertionError -->
          <reporter-output>
          </reporter-output>
        </test-method> <!-- Tabs_Grid_Two_Layers -->
        <test-method status="PASS" signature="checkHomeScreen()[pri:0, instance:Native.SanityIos@60df60da]" name="checkHomeScreen" is-config="true" duration-ms="1507" started-at="2016-02-24T12:39:51Z" finished-at="2016-02-24T12:39:53Z">
          <reporter-output>
          </reporter-output>
        </test-method> <!-- checkHomeScreen -->
        <test-method status="FAIL" signature="Tabs_List()[pri:0, instance:Native.SanityIos@60df60da]" name="Tabs_List" duration-ms="69877" started-at="2016-02-24T12:39:53Z" description="Check the List tab" finished-at="2016-02-24T12:41:03Z">
          <exception class="java.lang.AssertionError">
            <message>
              <![CDATA[All Tabs didn't display]]>
            </message>
            <full-stacktrace>
              <![CDATA[java.lang.AssertionError: All Tabs didn't display
	at org.testng.Assert.fail(Assert.java:94)
	at Native.IosMethods.clickName(IosMethods.java:548)
	at Native.SanityIos.Tabs_List(SanityIos.java:733)
	at sun.reflect.NativeMethodAccessorImpl.invoke0(Native Method)
	at sun.reflect.NativeMethodAccessorImpl.invoke(NativeMethodAccessorImpl.java:62)
	at sun.reflect.DelegatingMethodAccessorImpl.invoke(DelegatingMethodAccessorImpl.java:43)
	at java.lang.reflect.Method.invoke(Method.java:497)
	at org.testng.internal.MethodInvocationHelper.invokeMethod(MethodInvocationHelper.java:84)
	at org.testng.internal.Invoker.invokeMethod(Invoker.java:714)
	at org.testng.internal.Invoker.invokeTestMethod(Invoker.java:901)
	at org.testng.internal.Invoker.invokeTestMethods(Invoker.java:1231)
	at org.testng.internal.TestMethodWorker.invokeTestMethods(TestMethodWorker.java:127)
	at org.testng.internal.TestMethodWorker.run(TestMethodWorker.java:111)
	at org.testng.TestRunner.privateRun(TestRunner.java:767)
	at org.testng.TestRunner.run(TestRunner.java:617)
	at org.testng.SuiteRunner.runTest(SuiteRunner.java:334)
	at org.testng.SuiteRunner.runSequentially(SuiteRunner.java:329)
	at org.testng.SuiteRunner.privateRun(SuiteRunner.java:291)
	at org.testng.SuiteRunner.run(SuiteRunner.java:240)
	at org.testng.SuiteRunnerWorker.runSuite(SuiteRunnerWorker.java:52)
	at org.testng.SuiteRunnerWorker.run(SuiteRunnerWorker.java:86)
	at org.testng.TestNG.runSuitesSequentially(TestNG.java:1224)
	at org.testng.TestNG.runSuitesLocally(TestNG.java:1149)
	at org.testng.TestNG.run(TestNG.java:1057)
	at org.testng.remote.RemoteTestNG.run(RemoteTestNG.java:111)
	at org.testng.remote.RemoteTestNG.initAndRun(RemoteTestNG.java:204)
	at org.testng.remote.RemoteTestNG.main(RemoteTestNG.java:175)
]]>
            </full-stacktrace>
          </exception> <!-- java.lang.AssertionError -->
          <reporter-output>
          </reporter-output>
        </test-method> <!-- Tabs_List -->
        <test-method status="PASS" signature="checkHomeScreen()[pri:0, instance:Native.SanityIos@60df60da]" name="checkHomeScreen" is-config="true" duration-ms="1589" started-at="2016-02-24T12:41:03Z" finished-at="2016-02-24T12:41:04Z">
          <reporter-output>
          </reporter-output>
        </test-method> <!-- checkHomeScreen -->
        <test-method status="FAIL" signature="Tabs_Map_Chart()[pri:0, instance:Native.SanityIos@60df60da]" name="Tabs_Map_Chart" duration-ms="68916" started-at="2016-02-24T12:41:04Z" description="Check the URL tab" finished-at="2016-02-24T12:42:13Z">
          <exception class="java.lang.AssertionError">
            <message>
              <![CDATA[BarTitle didn't display]]>
            </message>
            <full-stacktrace>
              <![CDATA[java.lang.AssertionError: BarTitle didn't display
	at org.testng.Assert.fail(Assert.java:94)
	at Native.IosMethods.clickName(IosMethods.java:548)
	at Native.SanityIos.Tabs_Map_Chart(SanityIos.java:565)
	at sun.reflect.NativeMethodAccessorImpl.invoke0(Native Method)
	at sun.reflect.NativeMethodAccessorImpl.invoke(NativeMethodAccessorImpl.java:62)
	at sun.reflect.DelegatingMethodAccessorImpl.invoke(DelegatingMethodAccessorImpl.java:43)
	at java.lang.reflect.Method.invoke(Method.java:497)
	at org.testng.internal.MethodInvocationHelper.invokeMethod(MethodInvocationHelper.java:84)
	at org.testng.internal.Invoker.invokeMethod(Invoker.java:714)
	at org.testng.internal.Invoker.invokeTestMethod(Invoker.java:901)
	at org.testng.internal.Invoker.invokeTestMethods(Invoker.java:1231)
	at org.testng.internal.TestMethodWorker.invokeTestMethods(TestMethodWorker.java:127)
	at org.testng.internal.TestMethodWorker.run(TestMethodWorker.java:111)
	at org.testng.TestRunner.privateRun(TestRunner.java:767)
	at org.testng.TestRunner.run(TestRunner.java:617)
	at org.testng.SuiteRunner.runTest(SuiteRunner.java:334)
	at org.testng.SuiteRunner.runSequentially(SuiteRunner.java:329)
	at org.testng.SuiteRunner.privateRun(SuiteRunner.java:291)
	at org.testng.SuiteRunner.run(SuiteRunner.java:240)
	at org.testng.SuiteRunnerWorker.runSuite(SuiteRunnerWorker.java:52)
	at org.testng.SuiteRunnerWorker.run(SuiteRunnerWorker.java:86)
	at org.testng.TestNG.runSuitesSequentially(TestNG.java:1224)
	at org.testng.TestNG.runSuitesLocally(TestNG.java:1149)
	at org.testng.TestNG.run(TestNG.java:1057)
	at org.testng.remote.RemoteTestNG.run(RemoteTestNG.java:111)
	at org.testng.remote.RemoteTestNG.initAndRun(RemoteTestNG.java:204)
	at org.testng.remote.RemoteTestNG.main(RemoteTestNG.java:175)
]]>
            </full-stacktrace>
          </exception> <!-- java.lang.AssertionError -->
          <reporter-output>
          </reporter-output>
        </test-method> <!-- Tabs_Map_Chart -->
        <test-method status="PASS" signature="checkHomeScreen()[pri:0, instance:Native.SanityIos@60df60da]" name="checkHomeScreen" is-config="true" duration-ms="1543" started-at="2016-02-24T12:42:13Z" finished-at="2016-02-24T12:42:15Z">
          <reporter-output>
          </reporter-output>
        </test-method> <!-- checkHomeScreen -->
        <test-method status="FAIL" signature="Tabs_URL()[pri:0, instance:Native.SanityIos@60df60da]" name="Tabs_URL" duration-ms="103818" started-at="2016-02-24T12:42:15Z" description="Check the URL tab" finished-at="2016-02-24T12:43:59Z">
          <exception class="java.lang.AssertionError">
            <message>
              <![CDATA[BarTitle didn't display]]>
            </message>
            <full-stacktrace>
              <![CDATA[java.lang.AssertionError: BarTitle didn't display
	at org.testng.Assert.fail(Assert.java:94)
	at Native.IosMethods.clickName(IosMethods.java:548)
	at Native.SanityIos.Tabs_URL(SanityIos.java:541)
	at sun.reflect.NativeMethodAccessorImpl.invoke0(Native Method)
	at sun.reflect.NativeMethodAccessorImpl.invoke(NativeMethodAccessorImpl.java:62)
	at sun.reflect.DelegatingMethodAccessorImpl.invoke(DelegatingMethodAccessorImpl.java:43)
	at java.lang.reflect.Method.invoke(Method.java:497)
	at org.testng.internal.MethodInvocationHelper.invokeMethod(MethodInvocationHelper.java:84)
	at org.testng.internal.Invoker.invokeMethod(Invoker.java:714)
	at org.testng.internal.Invoker.invokeTestMethod(Invoker.java:901)
	at org.testng.internal.Invoker.invokeTestMethods(Invoker.java:1231)
	at org.testng.internal.TestMethodWorker.invokeTestMethods(TestMethodWorker.java:127)
	at org.testng.internal.TestMethodWorker.run(TestMethodWorker.java:111)
	at org.testng.TestRunner.privateRun(TestRunner.java:767)
	at org.testng.TestRunner.run(TestRunner.java:617)
	at org.testng.SuiteRunner.runTest(SuiteRunner.java:334)
	at org.testng.SuiteRunner.runSequentially(SuiteRunner.java:329)
	at org.testng.SuiteRunner.privateRun(SuiteRunner.java:291)
	at org.testng.SuiteRunner.run(SuiteRunner.java:240)
	at org.testng.SuiteRunnerWorker.runSuite(SuiteRunnerWorker.java:52)
	at org.testng.SuiteRunnerWorker.run(SuiteRunnerWorker.java:86)
	at org.testng.TestNG.runSuitesSequentially(TestNG.java:1224)
	at org.testng.TestNG.runSuitesLocally(TestNG.java:1149)
	at org.testng.TestNG.run(TestNG.java:1057)
	at org.testng.remote.RemoteTestNG.run(RemoteTestNG.java:111)
	at org.testng.remote.RemoteTestNG.initAndRun(RemoteTestNG.java:204)
	at org.testng.remote.RemoteTestNG.main(RemoteTestNG.java:175)
]]>
            </full-stacktrace>
          </exception> <!-- java.lang.AssertionError -->
          <reporter-output>
          </reporter-output>
        </test-method> <!-- Tabs_URL -->
        <test-method status="PASS" signature="tearDown()[pri:0, instance:Native.SanityIos@60df60da]" name="tearDown" is-config="true" duration-ms="8906" started-at="2016-02-24T12:43:59Z" finished-at="2016-02-24T12:44:08Z">
          <reporter-output>
          </reporter-output>
        </test-method> <!-- tearDown -->
      </class> <!-- Native.SanityIos -->
    </test> <!-- Sanity Tests -->
  </suite> <!-- Suite -->
</testng-results>
